#
# A fatal error has been detected by the Java Runtime Environment:
#
#  Internal Error (constantTag.cpp:59), pid=20464, tid=0x00000000000029b0
#  Error: ShouldNotReachHere()
#
# JRE version: Java(TM) SE Runtime Environment (8.0_271-b09) (build 1.8.0_271-b09)
# Java VM: Java HotSpot(TM) 64-Bit Server VM (25.271-b09 mixed mode windows-amd64 compressed oops)
# Failed to write core dump. Minidumps are not enabled by default on client versions of Windows
#
# If you would like to submit a bug report, please visit:
#   http://bugreport.java.com/bugreport/crash.jsp
#

---------------  T H R E A D  ---------------

Current thread (0x000001dbfdec1000):  VMThread [stack: 0x000000b92d600000,0x000000b92d700000] [id=10672]

Stack: [0x000000b92d600000,0x000000b92d700000]
Native frames: (J=compiled Java code, j=interpreted, Vv=VM code, C=native code)
V  [jvm.dll+0x33f6c9]
V  [jvm.dll+0x286122]
V  [jvm.dll+0x286dcd]
V  [jvm.dll+0x27d6a2]
V  [jvm.dll+0x27c22f]
V  [jvm.dll+0xc8aea]
V  [jvm.dll+0x117b06]
V  [jvm.dll+0x11957e]
V  [jvm.dll+0x116bea]
V  [jvm.dll+0x115d7a]
V  [jvm.dll+0xdd69b]
V  [jvm.dll+0xde133]
V  [jvm.dll+0x122b84]
V  [jvm.dll+0x145e40]
V  [jvm.dll+0x1c9df1]
V  [jvm.dll+0x256557]
V  [jvm.dll+0x254cc5]
V  [jvm.dll+0x25543c]
V  [jvm.dll+0x25574c]
V  [jvm.dll+0x2a2dcc]
C  [ucrtbase.dll+0x26c0c]
C  [KERNEL32.dll+0x154e0]
C  [ntdll.dll+0x485b]

VM_Operation (0x000000b92dbff0e0): GetOrSetLocal, mode: safepoint, requested by thread 0x000001dbfdf3d800


---------------  P R O C E S S  ---------------

Java Threads: ( => current thread )
  0x000001db98270800 JavaThread "AsyncHttpClient-1-5" daemon [_thread_in_native, id=16388, stack(0x000000b92ca00000,0x000000b92cb00000)]
  0x000001db9826d800 JavaThread "AsyncHttpClient-1-4" daemon [_thread_in_native, id=16836, stack(0x000000b92f100000,0x000000b92f200000)]
  0x000001db98270000 JavaThread "AsyncHttpClient-1-3" daemon [_thread_in_native, id=4716, stack(0x000000b92f000000,0x000000b92f100000)]
  0x000001db9826e800 JavaThread "AsyncHttpClient-1-2" daemon [_thread_in_native, id=22388, stack(0x000000b92ef00000,0x000000b92f000000)]
  0x000001db994eb000 JavaThread "Exec Stream Pumper" daemon [_thread_in_native, id=5220, stack(0x000000b92ec00000,0x000000b92ed00000)]
  0x000001db98281000 JavaThread "Exec Stream Pumper" daemon [_thread_in_native, id=19372, stack(0x000000b92eb00000,0x000000b92ec00000)]
  0x000001db9727f800 JavaThread "Driver Service Executor" daemon [_thread_blocked, id=11956, stack(0x000000b92e900000,0x000000b92ea00000)]
  0x000001db99641800 JavaThread "Driver Service Executor" daemon [_thread_blocked, id=20172, stack(0x000000b92e800000,0x000000b92e900000)]
  0x000001db97439000 JavaThread "Exec Default Executor" daemon [_thread_in_native, id=14420, stack(0x000000b92e700000,0x000000b92e800000)]
  0x000001db99459800 JavaThread "AsyncHttpClient-1-1" daemon [_thread_blocked, id=18980, stack(0x000000b92e600000,0x000000b92e700000)]
  0x000001db96f5f000 JavaThread "Service Thread" daemon [_thread_blocked, id=11160, stack(0x000000b92e200000,0x000000b92e300000)]
  0x000001dbfdf60000 JavaThread "C1 CompilerThread3" daemon [_thread_blocked, id=11552, stack(0x000000b92e100000,0x000000b92e200000)]
  0x000001dbfdf5f000 JavaThread "C2 CompilerThread2" daemon [_thread_blocked, id=11420, stack(0x000000b92e000000,0x000000b92e100000)]
  0x000001dbfdf5a800 JavaThread "C2 CompilerThread1" daemon [_thread_blocked, id=18000, stack(0x000000b92df00000,0x000000b92e000000)]
  0x000001dbfdf57000 JavaThread "C2 CompilerThread0" daemon [_thread_blocked, id=19932, stack(0x000000b92de00000,0x000000b92df00000)]
  0x000001dbfdf41000 JavaThread "JDWP Command Reader" daemon [_thread_in_native, id=6676, stack(0x000000b92dd00000,0x000000b92de00000)]
  0x000001dbfdf3f800 JavaThread "JDWP Event Helper Thread" daemon [_thread_blocked, id=18324, stack(0x000000b92dc00000,0x000000b92dd00000)]
  0x000001dbfdf3d800 JavaThread "JDWP Transport Listener: dt_socket" daemon [_thread_blocked, id=19040, stack(0x000000b92db00000,0x000000b92dc00000)]
  0x000001dbfdf18800 JavaThread "Attach Listener" daemon [_thread_blocked, id=8796, stack(0x000000b92da00000,0x000000b92db00000)]
  0x000001dbfdf17800 JavaThread "Signal Dispatcher" daemon [_thread_blocked, id=19608, stack(0x000000b92d900000,0x000000b92da00000)]
  0x000001dbfdeeb000 JavaThread "Finalizer" daemon [_thread_blocked, id=14836, stack(0x000000b92d800000,0x000000b92d900000)]
  0x000001dbf9d7d000 JavaThread "Reference Handler" daemon [_thread_blocked, id=15436, stack(0x000000b92d700000,0x000000b92d800000)]
  0x000001dbf9cdf000 JavaThread "main" [_thread_blocked, id=17564, stack(0x000000b92cd00000,0x000000b92ce00000)]

Other Threads:
=>0x000001dbfdec1000 VMThread [stack: 0x000000b92d600000,0x000000b92d700000] [id=10672]
  0x000001dbfdf6e800 WatcherThread [stack: 0x000000b92e300000,0x000000b92e400000] [id=18620]

VM state:at safepoint (normal execution)

VM Mutex/Monitor currently owned by a thread:  ([mutex/lock_event])
[0x000001dbf9cda520] Threads_lock - owner thread: 0x000001dbfdec1000

heap address: 0x00000006c2400000, size: 4060 MB, Compressed Oops mode: Zero based, Oop shift amount: 3
Narrow klass base: 0x0000000000000000, Narrow klass shift: 3
Compressed class space size: 1073741824 Address: 0x00000007c0000000

Heap:
 PSYoungGen      total 140800K, used 29083K [0x000000076b700000, 0x0000000778500000, 0x00000007c0000000)
  eden space 130048K, 22% used [0x000000076b700000,0x000000076d366ee0,0x0000000773600000)
  from space 10752K, 0% used [0x0000000773600000,0x0000000773600000,0x0000000774080000)
  to   space 15872K, 0% used [0x0000000777580000,0x0000000777580000,0x0000000778500000)
 ParOldGen       total 137216K, used 19847K [0x00000006c2400000, 0x00000006caa00000, 0x000000076b700000)
  object space 137216K, 14% used [0x00000006c2400000,0x00000006c3761cf0,0x00000006caa00000)
 Metaspace       used 34544K, capacity 36216K, committed 36352K, reserved 1081344K
  class space    used 4451K, capacity 4820K, committed 4864K, reserved 1048576K

Card table byte_map: [0x000001dbfbd60000,0x000001dbfc550000] byte_map_base: 0x000001dbf874e000

Marking Bits: (ParMarkBitMap*) 0x000000005ab87fe0
 Begin Bits: [0x000001db8f000000, 0x000001db92f70000)
 End Bits:   [0x000001db92f70000, 0x000001db96ee0000)

Polling page: 0x000001dbf9ea0000

CodeCache: size=245760Kb used=8751Kb max_used=8873Kb free=237008Kb
 bounds [0x000001db80000000, 0x000001db808c0000, 0x000001db8f000000]
 total_blobs=3187 nmethods=2674 adapters=433
 compilation: enabled

Compilation events (10 events):
Event: 284.379 Thread 0x000001dbfdf60000 3039       3       java.util.concurrent.ConcurrentHashMap$ValuesView::iterator (34 bytes)
Event: 284.379 Thread 0x000001dbfdf60000 nmethod 3039 0x000001db801c0550 code [0x000001db801c06e0, 0x000001db801c0b20]
Event: 287.678 Thread 0x000001dbfdf60000 3040       3       io.netty.util.HashedWheelTimer$HashedWheelBucket::remove (119 bytes)
Event: 287.678 Thread 0x000001dbfdf60000 nmethod 3040 0x000001db80401450 code [0x000001db804015c0, 0x000001db80401ab8]
Event: 287.787 Thread 0x000001dbfdf60000 3041       3       io.netty.util.HashedWheelTimer$HashedWheelBucket::addTimeout (68 bytes)
Event: 287.788 Thread 0x000001dbfdf60000 nmethod 3041 0x000001db80400dd0 code [0x000001db80400f60, 0x000001db804012f0]
Event: 311.881 Thread 0x000001dbfdf60000 3042   !   3       io.netty.util.HashedWheelTimer$HashedWheelTimeout::expire (76 bytes)
Event: 311.882 Thread 0x000001dbfdf60000 nmethod 3042 0x000001db806aff10 code [0x000001db806b01e0, 0x000001db806b1890]
Event: 352.587 Thread 0x000001dbfdf60000 3043       3       io.netty.util.HashedWheelTimer$HashedWheelTimeout::<init> (25 bytes)
Event: 352.587 Thread 0x000001dbfdf60000 nmethod 3043 0x000001db802a5150 code [0x000001db802a52a0, 0x000001db802a5498]

GC Heap History (10 events):
Event: 2.791 GC heap before
{Heap before GC invocations=3 (full 0):
 PSYoungGen      total 75776K, used 20833K [0x000000076b700000, 0x0000000770b80000, 0x00000007c0000000)
  eden space 65024K, 16% used [0x000000076b700000,0x000000076c15cd48,0x000000076f680000)
  from space 10752K, 95% used [0x0000000770100000,0x0000000770afb818,0x0000000770b80000)
  to   space 10752K, 0% used [0x000000076f680000,0x000000076f680000,0x0000000770100000)
 ParOldGen       total 173568K, used 24K [0x00000006c2400000, 0x00000006ccd80000, 0x000000076b700000)
  object space 173568K, 0% used [0x00000006c2400000,0x00000006c2406000,0x00000006ccd80000)
 Metaspace       used 20509K, capacity 21070K, committed 21248K, reserved 1067008K
  class space    used 2555K, capacity 2751K, committed 2816K, reserved 1048576K
Event: 2.797 GC heap after
Heap after GC invocations=3 (full 0):
 PSYoungGen      total 75776K, used 7012K [0x000000076b700000, 0x0000000774b00000, 0x00000007c0000000)
  eden space 65024K, 0% used [0x000000076b700000,0x000000076b700000,0x000000076f680000)
  from space 10752K, 65% used [0x000000076f680000,0x000000076fd590e8,0x0000000770100000)
  to   space 10752K, 0% used [0x0000000774080000,0x0000000774080000,0x0000000774b00000)
 ParOldGen       total 173568K, used 32K [0x00000006c2400000, 0x00000006ccd80000, 0x000000076b700000)
  object space 173568K, 0% used [0x00000006c2400000,0x00000006c2408000,0x00000006ccd80000)
 Metaspace       used 20509K, capacity 21070K, committed 21248K, reserved 1067008K
  class space    used 2555K, capacity 2751K, committed 2816K, reserved 1048576K
}
Event: 2.797 GC heap before
{Heap before GC invocations=4 (full 1):
 PSYoungGen      total 75776K, used 7012K [0x000000076b700000, 0x0000000774b00000, 0x00000007c0000000)
  eden space 65024K, 0% used [0x000000076b700000,0x000000076b700000,0x000000076f680000)
  from space 10752K, 65% used [0x000000076f680000,0x000000076fd590e8,0x0000000770100000)
  to   space 10752K, 0% used [0x0000000774080000,0x0000000774080000,0x0000000774b00000)
 ParOldGen       total 173568K, used 32K [0x00000006c2400000, 0x00000006ccd80000, 0x000000076b700000)
  object space 173568K, 0% used [0x00000006c2400000,0x00000006c2408000,0x00000006ccd80000)
 Metaspace       used 20509K, capacity 21070K, committed 21248K, reserved 1067008K
  class space    used 2555K, capacity 2751K, committed 2816K, reserved 1048576K
Event: 2.820 GC heap after
Heap after GC invocations=4 (full 1):
 PSYoungGen      total 75776K, used 0K [0x000000076b700000, 0x0000000774b00000, 0x00000007c0000000)
  eden space 65024K, 0% used [0x000000076b700000,0x000000076b700000,0x000000076f680000)
  from space 10752K, 0% used [0x000000076f680000,0x000000076f680000,0x0000000770100000)
  to   space 10752K, 0% used [0x0000000774080000,0x0000000774080000,0x0000000774b00000)
 ParOldGen       total 91648K, used 6883K [0x00000006c2400000, 0x00000006c7d80000, 0x000000076b700000)
  object space 91648K, 7% used [0x00000006c2400000,0x00000006c2ab8d78,0x00000006c7d80000)
 Metaspace       used 20509K, capacity 21070K, committed 21248K, reserved 1067008K
  class space    used 2555K, capacity 2751K, committed 2816K, reserved 1048576K
}
Event: 5.880 GC heap before
{Heap before GC invocations=5 (full 1):
 PSYoungGen      total 75776K, used 65024K [0x000000076b700000, 0x0000000774b00000, 0x00000007c0000000)
  eden space 65024K, 100% used [0x000000076b700000,0x000000076f680000,0x000000076f680000)
  from space 10752K, 0% used [0x000000076f680000,0x000000076f680000,0x0000000770100000)
  to   space 10752K, 0% used [0x0000000774080000,0x0000000774080000,0x0000000774b00000)
 ParOldGen       total 91648K, used 6883K [0x00000006c2400000, 0x00000006c7d80000, 0x000000076b700000)
  object space 91648K, 7% used [0x00000006c2400000,0x00000006c2ab8d78,0x00000006c7d80000)
 Metaspace       used 28367K, capacity 29684K, committed 29952K, reserved 1075200K
  class space    used 3714K, capacity 4040K, committed 4096K, reserved 1048576K
Event: 5.888 GC heap after
Heap after GC invocations=5 (full 1):
 PSYoungGen      total 118784K, used 10734K [0x000000076b700000, 0x0000000774b00000, 0x00000007c0000000)
  eden space 108032K, 0% used [0x000000076b700000,0x000000076b700000,0x0000000772080000)
  from space 10752K, 99% used [0x0000000774080000,0x0000000774afb8f0,0x0000000774b00000)
  to   space 10752K, 0% used [0x0000000773600000,0x0000000773600000,0x0000000774080000)
 ParOldGen       total 91648K, used 8234K [0x00000006c2400000, 0x00000006c7d80000, 0x000000076b700000)
  object space 91648K, 8% used [0x00000006c2400000,0x00000006c2c0aab8,0x00000006c7d80000)
 Metaspace       used 28367K, capacity 29684K, committed 29952K, reserved 1075200K
  class space    used 3714K, capacity 4040K, committed 4096K, reserved 1048576K
}
Event: 6.454 GC heap before
{Heap before GC invocations=6 (full 1):
 PSYoungGen      total 118784K, used 83400K [0x000000076b700000, 0x0000000774b00000, 0x00000007c0000000)
  eden space 108032K, 67% used [0x000000076b700000,0x000000076fdf6988,0x0000000772080000)
  from space 10752K, 99% used [0x0000000774080000,0x0000000774afb8f0,0x0000000774b00000)
  to   space 10752K, 0% used [0x0000000773600000,0x0000000773600000,0x0000000774080000)
 ParOldGen       total 91648K, used 8234K [0x00000006c2400000, 0x00000006c7d80000, 0x000000076b700000)
  object space 91648K, 8% used [0x00000006c2400000,0x00000006c2c0aab8,0x00000006c7d80000)
 Metaspace       used 33723K, capacity 35286K, committed 35416K, reserved 1079296K
  class space    used 4379K, capacity 4755K, committed 4864K, reserved 1048576K
Event: 6.463 GC heap after
Heap after GC invocations=6 (full 1):
 PSYoungGen      total 140800K, used 10726K [0x000000076b700000, 0x0000000778500000, 0x00000007c0000000)
  eden space 130048K, 0% used [0x000000076b700000,0x000000076b700000,0x0000000773600000)
  from space 10752K, 99% used [0x0000000773600000,0x0000000774079828,0x0000000774080000)
  to   space 15872K, 0% used [0x0000000777580000,0x0000000777580000,0x0000000778500000)
 ParOldGen       total 91648K, used 11319K [0x00000006c2400000, 0x00000006c7d80000, 0x000000076b700000)
  object space 91648K, 12% used [0x00000006c2400000,0x00000006c2f0dc38,0x00000006c7d80000)
 Metaspace       used 33723K, capacity 35286K, committed 35416K, reserved 1079296K
  class space    used 4379K, capacity 4755K, committed 4864K, reserved 1048576K
}
Event: 6.463 GC heap before
{Heap before GC invocations=7 (full 2):
 PSYoungGen      total 140800K, used 10726K [0x000000076b700000, 0x0000000778500000, 0x00000007c0000000)
  eden space 130048K, 0% used [0x000000076b700000,0x000000076b700000,0x0000000773600000)
  from space 10752K, 99% used [0x0000000773600000,0x0000000774079828,0x0000000774080000)
  to   space 15872K, 0% used [0x0000000777580000,0x0000000777580000,0x0000000778500000)
 ParOldGen       total 91648K, used 11319K [0x00000006c2400000, 0x00000006c7d80000, 0x000000076b700000)
  object space 91648K, 12% used [0x00000006c2400000,0x00000006c2f0dc38,0x00000006c7d80000)
 Metaspace       used 33723K, capacity 35286K, committed 35416K, reserved 1079296K
  class space    used 4379K, capacity 4755K, committed 4864K, reserved 1048576K
Event: 6.495 GC heap after
Heap after GC invocations=7 (full 2):
 PSYoungGen      total 140800K, used 0K [0x000000076b700000, 0x0000000778500000, 0x00000007c0000000)
  eden space 130048K, 0% used [0x000000076b700000,0x000000076b700000,0x0000000773600000)
  from space 10752K, 0% used [0x0000000773600000,0x0000000773600000,0x0000000774080000)
  to   space 15872K, 0% used [0x0000000777580000,0x0000000777580000,0x0000000778500000)
 ParOldGen       total 137216K, used 19847K [0x00000006c2400000, 0x00000006caa00000, 0x000000076b700000)
  object space 137216K, 14% used [0x00000006c2400000,0x00000006c3761cf0,0x00000006caa00000)
 Metaspace       used 33723K, capacity 35286K, committed 35416K, reserved 1079296K
  class space    used 4379K, capacity 4755K, committed 4864K, reserved 1048576K
}

Deoptimization events (10 events):
Event: 43.345 Thread 0x000001dbf9cdf000 Uncommon trap: reason=class_check action=maybe_recompile pc=0x000001db803639a0 method=java.lang.AbstractStringBuilder.append(Ljava/lang/CharSequence;)Ljava/lang/AbstractStringBuilder; @ 26
Event: 43.345 Thread 0x000001dbf9cdf000 Uncommon trap: reason=class_check action=maybe_recompile pc=0x000001db804587fc method=java.lang.AbstractStringBuilder.append(Ljava/lang/CharSequence;II)Ljava/lang/AbstractStringBuilder; @ 18
Event: 43.346 Thread 0x000001dbf9cdf000 Uncommon trap: reason=unstable_if action=reinterpret pc=0x000001db80420e24 method=java.lang.Character.isHighSurrogate(C)Z @ 3
Event: 43.347 Thread 0x000001dbf9cdf000 Uncommon trap: reason=unstable_if action=reinterpret pc=0x000001db8018d5f8 method=sun.nio.cs.UTF_8$Encoder.encode([CII[B)I @ 33
Event: 46.614 Thread 0x000001dbf9cdf000 Uncommon trap: reason=class_check action=maybe_recompile pc=0x000001db803639a0 method=java.lang.AbstractStringBuilder.append(Ljava/lang/CharSequence;)Ljava/lang/AbstractStringBuilder; @ 26
Event: 46.614 Thread 0x000001dbf9cdf000 Uncommon trap: reason=class_check action=maybe_recompile pc=0x000001db804587fc method=java.lang.AbstractStringBuilder.append(Ljava/lang/CharSequence;II)Ljava/lang/AbstractStringBuilder; @ 18
Event: 46.614 Thread 0x000001dbf9cdf000 Uncommon trap: reason=class_check action=maybe_recompile pc=0x000001db803639a0 method=java.lang.AbstractStringBuilder.append(Ljava/lang/CharSequence;)Ljava/lang/AbstractStringBuilder; @ 26
Event: 46.614 Thread 0x000001dbf9cdf000 Uncommon trap: reason=class_check action=maybe_recompile pc=0x000001db804587fc method=java.lang.AbstractStringBuilder.append(Ljava/lang/CharSequence;II)Ljava/lang/AbstractStringBuilder; @ 18
Event: 66.587 Thread 0x000001db99459800 Uncommon trap: reason=unhandled action=none pc=0x000001db80798bec method=java.net.URLClassLoader.findClass(Ljava/lang/String;)Ljava/lang/Class; @ 44
Event: 66.589 Thread 0x000001db98270000 Uncommon trap: reason=unhandled action=none pc=0x000001db80798bec method=java.net.URLClassLoader.findClass(Ljava/lang/String;)Ljava/lang/Class; @ 44

Classes redefined (5 events):
Event: 116.749 Thread 0x000001dbfdec1000 redefined class name=stepDefinitions.WA_LoginSteps, count=1
Event: 188.108 Thread 0x000001dbfdec1000 redefined class name=stepDefinitions.WA_LoginSteps, count=2
Event: 207.989 Thread 0x000001dbfdec1000 redefined class name=stepDefinitions.WA_LoginSteps, count=3
Event: 281.193 Thread 0x000001dbfdec1000 redefined class name=stepDefinitions.WA_LoginSteps, count=4
Event: 366.617 Thread 0x000001dbfdec1000 redefined class name=stepDefinitions.WA_LoginSteps, count=5

Internal exceptions (10 events):
Event: 6.377 Thread 0x000001dbf9cdf000 Exception <a 'java/lang/ArrayIndexOutOfBoundsException': 67> (0x000000076f7dc8b8) thrown at [C:\jenkins\workspace\8-2-build-windows-amd64-cygwin\jdk8u271\605\hotspot\src\share\vm\interpreter\interpreterRuntime.cpp, line 371]
Event: 6.377 Thread 0x000001dbf9cdf000 Exception <a 'java/lang/ArrayIndexOutOfBoundsException': 66> (0x000000076f7de3f8) thrown at [C:\jenkins\workspace\8-2-build-windows-amd64-cygwin\jdk8u271\605\hotspot\src\share\vm\interpreter\interpreterRuntime.cpp, line 371]
Event: 6.379 Thread 0x000001dbf9cdf000 Exception <a 'java/lang/ArrayIndexOutOfBoundsException': 89> (0x000000076f7e6550) thrown at [C:\jenkins\workspace\8-2-build-windows-amd64-cygwin\jdk8u271\605\hotspot\src\share\vm\interpreter\interpreterRuntime.cpp, line 371]
Event: 6.379 Thread 0x000001dbf9cdf000 Exception <a 'java/lang/ArrayIndexOutOfBoundsException': 54> (0x000000076f7e8490) thrown at [C:\jenkins\workspace\8-2-build-windows-amd64-cygwin\jdk8u271\605\hotspot\src\share\vm\interpreter\interpreterRuntime.cpp, line 371]
Event: 6.381 Thread 0x000001dbf9cdf000 Exception <a 'java/lang/NoSuchMethodError': java.lang.Object.lambda$maxBy$1(Ljava/util/Comparator;Ljava/lang/Object;Ljava/lang/Object;)Ljava/lang/Object;> (0x000000076f7f77b8) thrown at [C:\jenkins\workspace\8-2-build-windows-amd64-cygwin\jdk8u271\605\hot
Event: 6.527 Thread 0x000001dbf9cdf000 Exception <a 'java/lang/ArrayIndexOutOfBoundsException': 68> (0x000000076bb244e8) thrown at [C:\jenkins\workspace\8-2-build-windows-amd64-cygwin\jdk8u271\605\hotspot\src\share\vm\interpreter\interpreterRuntime.cpp, line 371]
Event: 10.447 Thread 0x000001dbf9cdf000 Exception <a 'java/lang/NoSuchMethodError': java.lang.Object.lambda$static$0(Ljava/time/Duration;)V> (0x000000076bbf8548) thrown at [C:\jenkins\workspace\8-2-build-windows-amd64-cygwin\jdk8u271\605\hotspot\src\share\vm\interpreter\linkResolver.cpp, line 6
Event: 34.559 Thread 0x000001dbf9cdf000 Exception <a 'java/lang/NoSuchMethodError': java.lang.Object.FIND_ELEMENT(Ljava/lang/String;Ljava/lang/Object;)Lorg/openqa/selenium/remote/CommandPayload;> (0x000000076bcc1eb0) thrown at [C:\jenkins\workspace\8-2-build-windows-amd64-cygwin\jdk8u271\605\ho
Event: 43.343 Thread 0x000001dbf9cdf000 Exception <a 'java/lang/NoSuchMethodError': java.lang.Object.lambda$codePoints$1()Ljava/util/Spliterator$OfInt;> (0x000000076c7b1778) thrown at [C:\jenkins\workspace\8-2-build-windows-amd64-cygwin\jdk8u271\605\hotspot\src\share\vm\interpreter\linkResolver
Event: 66.690 Thread 0x000001dbf9cdf000 Exception <a 'java/lang/NoSuchMethodError': java.lang.Object.FIND_ELEMENTS(Ljava/lang/String;Ljava/lang/Object;)Lorg/openqa/selenium/remote/CommandPayload;> (0x000000076ca44010) thrown at [C:\jenkins\workspace\8-2-build-windows-amd64-cygwin\jdk8u271\605\h

Events (10 events):
Event: 366.691 Executing VM operation: GetOrSetLocal done
Event: 366.692 Executing VM operation: GetOrSetLocal
Event: 366.692 Executing VM operation: GetOrSetLocal done
Event: 366.692 Executing VM operation: GetOrSetLocal
Event: 366.692 Executing VM operation: GetOrSetLocal done
Event: 366.692 Executing VM operation: GetOrSetLocal
Event: 366.692 Executing VM operation: GetOrSetLocal done
Event: 366.693 Executing VM operation: GetOrSetLocal
Event: 366.693 Executing VM operation: GetOrSetLocal done
Event: 381.761 Executing VM operation: GetOrSetLocal


Dynamic libraries:
0x00007ff73bf50000 - 0x00007ff73bf97000 	C:\Program Files\Java\jdk1.8.0_271\bin\javaw.exe
0x00007ffbc1300000 - 0x00007ffbc1509000 	C:\WINDOWS\SYSTEM32\ntdll.dll
0x00007ffbbf3e0000 - 0x00007ffbbf49d000 	C:\WINDOWS\System32\KERNEL32.dll
0x00007ffbbe380000 - 0x00007ffbbe49f000 	C:\Windows\system32\hmpalert.dll
0x00007ffbbe8f0000 - 0x00007ffbbec6b000 	C:\WINDOWS\System32\KERNELBASE.dll
0x00007ffbbf180000 - 0x00007ffbbf22e000 	C:\WINDOWS\System32\ADVAPI32.dll
0x00007ffbc0140000 - 0x00007ffbc01e3000 	C:\WINDOWS\System32\msvcrt.dll
0x00007ffbc0ee0000 - 0x00007ffbc0f7e000 	C:\WINDOWS\System32\sechost.dll
0x00007ffbc01f0000 - 0x00007ffbc0310000 	C:\WINDOWS\System32\RPCRT4.dll
0x00007ffbbf230000 - 0x00007ffbbf3dd000 	C:\WINDOWS\System32\USER32.dll
0x00007ffbbed30000 - 0x00007ffbbed56000 	C:\WINDOWS\System32\win32u.dll
0x00007ffbc10b0000 - 0x00007ffbc10d9000 	C:\WINDOWS\System32\GDI32.dll
0x00007ffbbe7d0000 - 0x00007ffbbe8e8000 	C:\WINDOWS\System32\gdi32full.dll
0x00007ffbbf0e0000 - 0x00007ffbbf17d000 	C:\WINDOWS\System32\msvcp_win.dll
0x00007ffbbedd0000 - 0x00007ffbbeee1000 	C:\WINDOWS\System32\ucrtbase.dll
0x00007ffba2f10000 - 0x00007ffba31b5000 	C:\WINDOWS\WinSxS\amd64_microsoft.windows.common-controls_6595b64144ccf1df_6.0.22000.120_none_9d947278b86cc467\COMCTL32.dll
0x00007ffbc0dc0000 - 0x00007ffbc0df1000 	C:\WINDOWS\System32\IMM32.DLL
0x00007ffba7150000 - 0x00007ffba7165000 	C:\Program Files\Java\jdk1.8.0_271\jre\bin\vcruntime140.dll
0x00007ffba0a10000 - 0x00007ffba0aab000 	C:\Program Files\Java\jdk1.8.0_271\jre\bin\msvcp140.dll
0x000000005a390000 - 0x000000005abff000 	C:\Program Files\Java\jdk1.8.0_271\jre\bin\server\jvm.dll
0x00007ffbc0310000 - 0x00007ffbc0318000 	C:\WINDOWS\System32\PSAPI.DLL
0x00007ffba5420000 - 0x00007ffba5429000 	C:\WINDOWS\SYSTEM32\WSOCK32.dll
0x00007ffbadb30000 - 0x00007ffbadb63000 	C:\WINDOWS\SYSTEM32\WINMM.dll
0x00007ffbc0d50000 - 0x00007ffbc0dbf000 	C:\WINDOWS\System32\WS2_32.dll
0x00007ffbb8ab0000 - 0x00007ffbb8aba000 	C:\WINDOWS\SYSTEM32\VERSION.dll
0x00007ffbbd820000 - 0x00007ffbbd838000 	C:\WINDOWS\SYSTEM32\kernel.appcore.dll
0x00007ffba7700000 - 0x00007ffba7710000 	C:\Program Files\Java\jdk1.8.0_271\jre\bin\verify.dll
0x00007ffba7120000 - 0x00007ffba714b000 	C:\Program Files\Java\jdk1.8.0_271\jre\bin\java.dll
0x00007ffb90ad0000 - 0x00007ffb90b06000 	C:\Program Files\Java\jdk1.8.0_271\jre\bin\jdwp.dll
0x00007ffbb99f0000 - 0x00007ffbb99f9000 	C:\Program Files\Java\jdk1.8.0_271\jre\bin\npt.dll
0x00007ffba7100000 - 0x00007ffba7118000 	C:\Program Files\Java\jdk1.8.0_271\jre\bin\zip.dll
0x00007ffbc0320000 - 0x00007ffbc0ad8000 	C:\WINDOWS\System32\SHELL32.dll
0x00007ffbbc6d0000 - 0x00007ffbbcf35000 	C:\WINDOWS\SYSTEM32\windows.storage.dll
0x00007ffbbfa30000 - 0x00007ffbbfda7000 	C:\WINDOWS\System32\combase.dll
0x00007ffbbc330000 - 0x00007ffbbc496000 	C:\WINDOWS\SYSTEM32\wintypes.dll
0x00007ffbc0b80000 - 0x00007ffbc0c6a000 	C:\WINDOWS\System32\SHCORE.dll
0x00007ffbbfe50000 - 0x00007ffbbfead000 	C:\WINDOWS\System32\shlwapi.dll
0x00007ffbbe700000 - 0x00007ffbbe721000 	C:\WINDOWS\SYSTEM32\profapi.dll
0x00007ffbac4e0000 - 0x00007ffbac4ea000 	C:\Program Files\Java\jdk1.8.0_271\jre\bin\dt_socket.dll
0x00007ffbb8750000 - 0x00007ffbb8767000 	C:\WINDOWS\system32\napinsp.dll
0x00007ffbb5890000 - 0x00007ffbb58ab000 	C:\WINDOWS\system32\pnrpnsp.dll
0x00007ffbbdcc0000 - 0x00007ffbbdd27000 	C:\WINDOWS\System32\mswsock.dll
0x00007ffbbd380000 - 0x00007ffbbd468000 	C:\WINDOWS\SYSTEM32\DNSAPI.dll
0x00007ffbbd350000 - 0x00007ffbbd37d000 	C:\WINDOWS\SYSTEM32\IPHLPAPI.DLL
0x00007ffbc0b70000 - 0x00007ffbc0b79000 	C:\WINDOWS\System32\NSI.dll
0x00007ffbb5870000 - 0x00007ffbb5882000 	C:\WINDOWS\System32\winrnr.dll
0x00007ffb90cf0000 - 0x00007ffb90d05000 	C:\WINDOWS\system32\wshbth.dll
0x00007ffb6bcd0000 - 0x00007ffb6bcef000 	C:\WINDOWS\system32\nlansp_c.dll
0x00007ffbad870000 - 0x00007ffbad8f1000 	C:\WINDOWS\System32\fwpuclnt.dll
0x00007ffbabc00000 - 0x00007ffbabc0a000 	C:\Windows\System32\rasadhlp.dll
0x00007ffb9b8a0000 - 0x00007ffb9b8bc000 	C:\Program Files\Java\jdk1.8.0_271\jre\bin\net.dll
0x00007ffba6da0000 - 0x00007ffba6db3000 	C:\Program Files\Java\jdk1.8.0_271\jre\bin\nio.dll
0x00007ffbbdf00000 - 0x00007ffbbdf18000 	C:\WINDOWS\SYSTEM32\CRYPTSP.dll
0x00007ffbbd780000 - 0x00007ffbbd7b5000 	C:\WINDOWS\system32\rsaenh.dll
0x00007ffbbddb0000 - 0x00007ffbbddd9000 	C:\WINDOWS\SYSTEM32\USERENV.dll
0x00007ffbbe090000 - 0x00007ffbbe0b7000 	C:\WINDOWS\SYSTEM32\bcrypt.dll
0x00007ffbbf060000 - 0x00007ffbbf0df000 	C:\WINDOWS\System32\bcryptprimitives.dll
0x00007ffbbdf20000 - 0x00007ffbbdf2c000 	C:\WINDOWS\SYSTEM32\CRYPTBASE.dll
0x00007ffbb8ae0000 - 0x00007ffbb8af9000 	C:\WINDOWS\SYSTEM32\dhcpcsvc6.DLL
0x00007ffbb8fd0000 - 0x00007ffbb8fee000 	C:\WINDOWS\SYSTEM32\dhcpcsvc.DLL
0x00007ffb99720000 - 0x00007ffb99744000 	C:\Program Files\Java\jdk1.8.0_271\jre\bin\sunec.dll
0x00007ffba6d90000 - 0x00007ffba6d9d000 	C:\Program Files\Java\jdk1.8.0_271\jre\bin\management.dll
0x00007ffbbc4a0000 - 0x00007ffbbc6c1000 	C:\WINDOWS\SYSTEM32\dbghelp.dll

VM Arguments:
jvm_args: -agentlib:jdwp=transport=dt_socket,suspend=y,address=localhost:49592 -ea -Dfile.encoding=Cp1252 
java_command: org.eclipse.jdt.internal.junit.runner.RemoteTestRunner -version 3 -port 49590 -testLoaderClass org.eclipse.jdt.internal.junit4.runner.JUnit4TestLoader -loaderpluginname org.eclipse.jdt.junit4.runtime -classNames Runner.TestRunner
java_class_path (initial): D:\CodeBases\CucumberUIAutomation-main\WA-V2Automation\target\test-classes;D:\CodeBases\CucumberUIAutomation-main\WA-V2Automation\target\classes;C:\Users\Jayakrishna.Dandru\.m2\repository\org\seleniumhq\selenium\selenium-firefox-driver\4.1.3\selenium-firefox-driver-4.1.3.jar;C:\Users\Jayakrishna.Dandru\.m2\repository\com\google\auto\service\auto-service-annotations\1.0.1\auto-service-annotations-1.0.1.jar;C:\Users\Jayakrishna.Dandru\.m2\repository\com\google\auto\service\auto-service\1.0.1\auto-service-1.0.1.jar;C:\Users\Jayakrishna.Dandru\.m2\repository\com\google\auto\auto-common\1.2\auto-common-1.2.jar;C:\Users\Jayakrishna.Dandru\.m2\repository\org\seleniumhq\selenium\selenium-devtools-v85\4.1.3\selenium-devtools-v85-4.1.3.jar;C:\Users\Jayakrishna.Dandru\.m2\repository\org\seleniumhq\selenium\selenium-json\4.1.3\selenium-json-4.1.3.jar;C:\Users\Jayakrishna.Dandru\.m2\repository\org\seleniumhq\selenium\selenium-remote-driver\4.1.3\selenium-remote-driver-4.1.3.jar;C:\Users\Jayakrishna.Dandru\.m2\repository\com\beust\jcommander\1.82\jcommander-1.82.jar;C:\Users\Jayakrishna.Dandru\.m2\repository\io\netty\netty-buffer\4.1.75.Final\netty-buffer-4.1.75.Final.jar;C:\Users\Jayakrishna.Dandru\.m2\repository\io\netty\netty-codec-http\4.1.75.Final\netty-codec-http-4.1.75.Final.jar;C:\Users\Jayakrishna.Dandru\.m2\repository\io\netty\netty-codec\4.1.75.Final\netty-codec-4.1.75.Final.jar;C:\Users\Jayakrishna.Dandru\.m2\repository\io\netty\netty-handler\4.1.75.Final\netty-handler-4.1.75.Final.jar;C:\Users\Jayakrishna.Dandru\.m2\repository\io\netty\netty-common\4.1.75.Final\netty-common-4.1.75.Final.jar;C:\Users\Jayakrishna.Dandru\.m2\repository\io\netty\netty-transport-classes-epoll\4.1.75.Final\netty-transport-classes-epoll-4.1.75.Final.jar;C:\Users\Jayakrishna.Dandru\.m2\repository\io\netty\netty-transport-classes-kqueue\4.1.75.Final\netty-transport-classes-kqueue-4.1.75.Final.jar;C:\Users\Jayakrishna.Dandru\.m2\repository\io\netty\netty-transport-
Launcher Type: SUN_STANDARD

Environment Variables:
JAVA_HOME=C:\Program Files\Java\jdk1.8.0_271
PATH=C:\Program Files\Java\jdk1.8.0_271\jre\bin;C:/Program Files/Java/jre1.8.0_271/bin/server;C:/Program Files/Java/jre1.8.0_271/bin;C:/Program Files/Java/jre1.8.0_271/lib/amd64;C:\Program Files (x86)\Common Files\Oracle\Java\javapath;C:\WINDOWS\system32;C:\WINDOWS;C:\WINDOWS\System32\Wbem;C:\WINDOWS\System32\WindowsPowerShell\v1.0\;C:\WINDOWS\System32\OpenSSH\;C:\Users\Jayakrishna.Dandru\AppData\Local\Android\Sdk\tools\;C:\Users\Jayakrishna.Dandru\AppData\Local\Android\Sdk\platform-tools\;C:\Program Files\Intel\WiFi\bin\;C:\Program Files\Common Files\Intel\WirelessCommon\;C:\Program Files\Common Files\Oracle\Java\javapath;C:\Program Files\Java\jdk1.8.0_271\bin\;C:\Program Files\Git\cmd;C:\apache-maven-3.6.3\bin;C:\Program Files\nodejs\;C:\Users\Jayakrishna.Dandru\AppData\Local\Programs\Python\Python39\Scripts\;C:\Users\Jayakrishna.Dandru\AppData\Local\Programs\Python\Python39\;C:\Users\Jayakrishna.Dandru\AppData\Local\Microsoft\WindowsApps;C:\Users\Jayakrishna.Dandru\AppData\Local\GitHubDesktop\bin;;C:\Users\Jayakrishna.Dandru\AppData\Local\Programs\Microsoft VS Code\bin;C:\Users\Jayakrishna.Dandru\AppData\Roaming\npm;C:\Users\Jayakrishna.Dandru\Desktop;
USERNAME=Jayakrishna.Dandru
OS=Windows_NT
PROCESSOR_IDENTIFIER=Intel64 Family 6 Model 142 Stepping 10, GenuineIntel



---------------  S Y S T E M  ---------------

OS: Windows 10.0 , 64 bit Build 22000 (10.0.22000.708)

CPU:total 8 (initial active 8) (4 cores per cpu, 2 threads per core) family 6 model 142 stepping 10, cmov, cx8, fxsr, mmx, sse, sse2, sse3, ssse3, sse4.1, sse4.2, popcnt, avx, avx2, aes, clmul, erms, 3dnowpref, lzcnt, ht, tsc, tscinvbit, bmi1, bmi2, adx

Memory: 4k page, physical 16627924k(6067032k free), swap 21346516k(6212064k free)

vm_info: Java HotSpot(TM) 64-Bit Server VM (25.271-b09) for windows-amd64 JRE (1.8.0_271-b09), built on Sep 16 2020 19:14:59 by "" with MS VC++ 15.9 (VS2017)

time: Wed Nov 16 15:39:47 2022
timezone: India Standard Time
elapsed time: 381.820132 seconds (0d 0h 6m 21s)

